0 verbose cli /usr/local/bin/node /usr/local/bin/npm
1 info using npm@11.6.2
2 info using node@v24.11.1
3 silly config load:file:/usr/local/lib/node_modules/npm/npmrc
4 silly config load:file:/Users/swatishinge/Playwright/.npmrc
5 silly config load:file:/Users/swatishinge/.npmrc
6 silly config load:file:/usr/local/etc/npmrc
7 verbose title npm init playwright@latest
8 verbose argv "init" "playwright@latest"
9 verbose logfile logs-max:10 dir:/Users/swatishinge/.npm/_logs/2026-03-04T04_42_11_604Z-
10 verbose logfile /Users/swatishinge/.npm/_logs/2026-03-04T04_42_11_604Z-debug-0.log
11 silly logfile start cleaning logs, removing 1 files
12 silly logfile done cleaning log files
13 silly packumentCache heap:4496293888 maxSize:1124073472 maxEntrySize:562036736
14 verbose shrinkwrap failed to load node_modules/.package-lock.json out of date, updated: node_modules/@playwright/test
15 http fetch GET 200 https://registry.npmjs.org/create-playwright 638ms (cache revalidated)
16 silly packumentCache heap:4496293888 maxSize:1124073472 maxEntrySize:562036736
17 verbose cwd /Users/swatishinge/Playwright
18 verbose os Darwin 24.6.0
19 verbose node v24.11.1
20 verbose npm  v11.6.2
21 verbose exit 0
22 info ok
