0 verbose cli /usr/local/bin/node /usr/local/bin/npm
1 info using npm@11.6.2
2 info using node@v24.11.1
3 silly config load:file:/usr/local/lib/node_modules/npm/npmrc
4 silly config load:file:/Users/swatishinge/Playwright/.npmrc
5 silly config load:file:/Users/swatishinge/.npmrc
6 silly config load:file:/usr/local/etc/npmrc
7 verbose title npm install @playwright/test
8 verbose argv "install" "--save-dev" "@playwright/test"
9 verbose logfile logs-max:10 dir:/Users/swatishinge/.npm/_logs/2026-03-04T04_42_32_570Z-
10 verbose logfile /Users/swatishinge/.npm/_logs/2026-03-04T04_42_32_570Z-debug-0.log
11 silly logfile start cleaning logs, removing 1 files
12 silly packumentCache heap:4496293888 maxSize:1124073472 maxEntrySize:562036736
13 silly logfile done cleaning log files
14 silly idealTree buildDeps
15 silly fetch manifest @playwright/test@^1.56.1
16 silly packumentCache full:https://registry.npmjs.org/@playwright%2ftest cache-miss
17 verbose shrinkwrap failed to load node_modules/.package-lock.json out of date, updated: node_modules/@playwright/test
18 http fetch GET 200 https://registry.npmjs.org/@playwright%2ftest 773ms (cache updated)
19 silly packumentCache full:https://registry.npmjs.org/@playwright%2ftest set size:undefined disposed:false
20 silly placeDep ROOT @playwright/test@1.58.2 REPLACE for: playwright@1.0.0 want: ^1.56.1
21 silly fetch manifest playwright@1.58.2
22 silly packumentCache full:https://registry.npmjs.org/playwright cache-miss
23 http fetch GET 200 https://registry.npmjs.org/playwright 273ms (cache updated)
24 silly packumentCache full:https://registry.npmjs.org/playwright set size:undefined disposed:false
25 silly placeDep ROOT playwright@1.58.2 OK for: @playwright/test@1.58.2 want: 1.58.2
26 silly fetch manifest playwright-core@1.58.2
27 silly packumentCache full:https://registry.npmjs.org/playwright-core cache-miss
28 silly fetch manifest fsevents@2.3.2
29 silly packumentCache full:https://registry.npmjs.org/fsevents cache-miss
30 http fetch GET 200 https://registry.npmjs.org/playwright-core 316ms (cache updated)
31 silly packumentCache full:https://registry.npmjs.org/playwright-core set size:undefined disposed:false
32 http fetch GET 200 https://registry.npmjs.org/fsevents 356ms (cache revalidated)
33 silly packumentCache full:https://registry.npmjs.org/fsevents set size:182472 disposed:false
34 silly placeDep ROOT fsevents@2.3.2 OK for: playwright@1.58.2 want: 2.3.2
35 silly placeDep ROOT playwright-core@1.58.2 OK for: playwright@1.58.2 want: 1.58.2
36 silly reify mark retired [
36 silly reify   '/Users/swatishinge/Playwright/node_modules/playwright',
36 silly reify   '/Users/swatishinge/Playwright/node_modules/.bin/playwright'
36 silly reify ]
37 silly reify mark retired [
37 silly reify   '/Users/swatishinge/Playwright/node_modules/playwright-core',
37 silly reify   '/Users/swatishinge/Playwright/node_modules/.bin/playwright-core'
37 silly reify ]
38 silly reify mark retired [
38 silly reify   '/Users/swatishinge/Playwright/node_modules/@playwright/test',
38 silly reify   '/Users/swatishinge/Playwright/node_modules/.bin/playwright'
38 silly reify ]
39 silly reify moves {
39 silly reify   '/Users/swatishinge/Playwright/node_modules/playwright': '/Users/swatishinge/Playwright/node_modules/.playwright-uWYV89bA',
39 silly reify   '/Users/swatishinge/Playwright/node_modules/.bin/playwright': '/Users/swatishinge/Playwright/node_modules/.bin/.playwright-xBuYauiI',
39 silly reify   '/Users/swatishinge/Playwright/node_modules/playwright-core': '/Users/swatishinge/Playwright/node_modules/.playwright-core-w89s4dZz',
39 silly reify   '/Users/swatishinge/Playwright/node_modules/.bin/playwright-core': '/Users/swatishinge/Playwright/node_modules/.bin/.playwright-core-DyTbid6m',
39 silly reify   '/Users/swatishinge/Playwright/node_modules/@playwright/test': '/Users/swatishinge/Playwright/node_modules/@playwright/.test-HTGU0OFe'
39 silly reify }
40 silly audit bulk request {
40 silly audit   playwright: [ '1.58.2' ],
40 silly audit   '@types/node': [ '24.10.1' ],
40 silly audit   'undici-types': [ '7.16.0' ],
40 silly audit   '@playwright/test': [ '1.58.2' ],
40 silly audit   fsevents: [ '2.3.2' ],
40 silly audit   'playwright-core': [ '1.58.2' ]
40 silly audit }
41 http cache @playwright/test@https://registry.npmjs.org/@playwright/test/-/test-1.58.2.tgz 0ms (cache hit)
42 http cache playwright@https://registry.npmjs.org/playwright/-/playwright-1.58.2.tgz 0ms (cache hit)
43 http cache playwright-core@https://registry.npmjs.org/playwright-core/-/playwright-core-1.58.2.tgz 1ms (cache hit)
44 http fetch POST 200 https://registry.npmjs.org/-/npm/v1/security/advisories/bulk 288ms
45 silly audit report {}
46 silly CHANGE node_modules/@playwright/test
47 silly CHANGE node_modules/playwright-core
48 silly CHANGE node_modules/playwright
49 verbose cwd /Users/swatishinge/Playwright
50 verbose os Darwin 24.6.0
51 verbose node v24.11.1
52 verbose npm  v11.6.2
53 verbose exit 0
54 info ok
