0 verbose cli /usr/local/bin/node /usr/local/bin/npm
1 info using npm@11.6.2
2 info using node@v24.11.1
3 silly config load:file:/usr/local/lib/node_modules/npm/npmrc
4 silly config load:file:/Users/swatishinge/Library/Caches/typescript/5.9/.npmrc
5 silly config load:file:/Users/swatishinge/.npmrc
6 silly config load:file:/usr/local/etc/npmrc
7 verbose title npm install @types/string@ts5.9
8 verbose argv "install" "--ignore-scripts" "@types/string@ts5.9" "--save-dev" "--user-agent" "typesInstaller/5.9.3"
9 verbose logfile logs-max:10 dir:/Users/swatishinge/.npm/_logs/2026-03-04T02_34_58_407Z-
10 verbose logfile /Users/swatishinge/.npm/_logs/2026-03-04T02_34_58_407Z-debug-0.log
11 silly logfile start cleaning logs, removing 1 files
12 silly packumentCache heap:4496293888 maxSize:1124073472 maxEntrySize:562036736
13 silly logfile done cleaning log files
14 silly packumentCache corgi:https://registry.npmjs.org/@types%2fstring cache-miss
15 http fetch GET 200 https://registry.npmjs.org/@types%2fstring 905ms (cache miss)
16 silly packumentCache corgi:https://registry.npmjs.org/@types%2fstring set size:undefined disposed:false
17 silly idealTree buildDeps
18 silly fetch manifest @types/string@0.0.34
19 silly packumentCache full:https://registry.npmjs.org/@types%2fstring cache-miss
20 http fetch GET 200 https://registry.npmjs.org/@types%2fstring 1825ms (cache miss)
21 silly packumentCache full:https://registry.npmjs.org/@types%2fstring set size:undefined disposed:false
22 silly placeDep ROOT @types/string@0.0.34 OK for:  want: 0.0.34
23 silly reify moves {}
24 silly audit bulk request {
24 silly audit   '@types/react': [ '19.2.3' ],
24 silly audit   csstype: [ '3.1.3' ],
24 silly audit   'types-registry': [ '0.1.759' ],
24 silly audit   '@types/string': [ '0.0.34' ]
24 silly audit }
25 http cache @types/string@https://registry.npmjs.org/@types/string/-/string-0.0.34.tgz 0ms (cache hit)
26 silly tarball no local data for @types/string@https://registry.npmjs.org/@types/string/-/string-0.0.34.tgz. Extracting by manifest.
27 http fetch POST 200 https://registry.npmjs.org/-/npm/v1/security/advisories/bulk 353ms
28 silly audit report {}
29 http fetch GET 200 https://registry.npmjs.org/@types/string/-/string-0.0.34.tgz 515ms (cache miss)
30 silly ADD node_modules/@types/string
31 verbose cwd /Users/swatishinge/Library/Caches/typescript/5.9
32 verbose os Darwin 24.6.0
33 verbose node v24.11.1
34 verbose npm  v11.6.2
35 verbose exit 0
36 info ok
